==> Builds finished but no artifacts were created.
PS C:\Users\benni\workspace\6-Semester\DevOps\assignment8\usf_devops_assignment_packer-terraform> packer validate .\packer\
The configuration is valid.
PS C:\Users\benni\workspace\6-Semester\DevOps\assignment8\usf_devops_assignment_packer-terraform> packer build .\packer\
custom-amazon-linux-build.amazon-ebs.amazon-linux: output will be in this color.

==> custom-amazon-linux-build.amazon-ebs.amazon-linux: Prevalidating any provided VPC information
==> custom-amazon-linux-build.amazon-ebs.amazon-linux: Prevalidating AMI Name: custom-amazon-linux-ami
    custom-amazon-linux-build.amazon-ebs.amazon-linux: Found Image ID: ami-08b5b3a93ed654d19
==> custom-amazon-linux-build.amazon-ebs.amazon-linux: Creating temporary keypair: packer_67e0d8ff-4e22-3ae4-b7df-17b9431d9bc8
==> custom-amazon-linux-build.amazon-ebs.amazon-linux: Creating temporary security group for this instance: packer_67e0d901-7dfe-d897-39f1-1022ed4591fc
==> custom-amazon-linux-build.amazon-ebs.amazon-linux: Authorizing access to port 22 from [0.0.0.0/0] in the temporary security groups...
==> custom-amazon-linux-build.amazon-ebs.amazon-linux: Launching a source AWS instance...
    custom-amazon-linux-build.amazon-ebs.amazon-linux: Instance ID: i-09e1283dcf2385480
==> custom-amazon-linux-build.amazon-ebs.amazon-linux: Waiting for instance (i-09e1283dcf2385480) to become ready...
==> custom-amazon-linux-build.amazon-ebs.amazon-linux: Using SSH communicator to connect: 18.206.117.109
==> custom-amazon-linux-build.amazon-ebs.amazon-linux: Waiting for SSH to become available...
==> custom-amazon-linux-build.amazon-ebs.amazon-linux: Connected to SSH!
==> custom-amazon-linux-build.amazon-ebs.amazon-linux: Provisioning with shell script: C:\Users\benni\AppData\Local\Temp\packer-shell2280364525
    custom-amazon-linux-build.amazon-ebs.amazon-linux: Amazon Linux 2023 repository                     44 MB/s |  33 MB     00:00
    custom-amazon-linux-build.amazon-ebs.amazon-linux: Amazon Linux 2023 Kernel Livepatch repository   114 kB/s |  14 kB     00:00
    custom-amazon-linux-build.amazon-ebs.amazon-linux: Dependencies resolved.
    custom-amazon-linux-build.amazon-ebs.amazon-linux: Nothing to do.
    custom-amazon-linux-build.amazon-ebs.amazon-linux: Complete!
    custom-amazon-linux-build.amazon-ebs.amazon-linux: Waiting for process with pid 2308 to finish.
    custom-amazon-linux-build.amazon-ebs.amazon-linux: Last metadata expiration check: 0:00:03 ago on Mon Mar 24 04:01:43 2025.
    custom-amazon-linux-build.amazon-ebs.amazon-linux: Dependencies resolved.
    custom-amazon-linux-build.amazon-ebs.amazon-linux: ================================================================================
    custom-amazon-linux-build.amazon-ebs.amazon-linux:  Package                  Arch     Version                  Repository     Size
    custom-amazon-linux-build.amazon-ebs.amazon-linux: ================================================================================
    custom-amazon-linux-build.amazon-ebs.amazon-linux: Installing:
    custom-amazon-linux-build.amazon-ebs.amazon-linux:  docker                   x86_64   25.0.8-1.amzn2023.0.1    amazonlinux    44 M
    custom-amazon-linux-build.amazon-ebs.amazon-linux: Installing dependencies:
    custom-amazon-linux-build.amazon-ebs.amazon-linux:  containerd               x86_64   1.7.25-1.amzn2023.0.1    amazonlinux    36 M
    custom-amazon-linux-build.amazon-ebs.amazon-linux:  iptables-libs            x86_64   1.8.8-3.amzn2023.0.2     amazonlinux   401 k
    custom-amazon-linux-build.amazon-ebs.amazon-linux:  iptables-nft             x86_64   1.8.8-3.amzn2023.0.2     amazonlinux   183 k
    custom-amazon-linux-build.amazon-ebs.amazon-linux:  libcgroup                x86_64   3.0-1.amzn2023.0.1       amazonlinux    75 k
    custom-amazon-linux-build.amazon-ebs.amazon-linux:  libnetfilter_conntrack   x86_64   1.0.8-2.amzn2023.0.2     amazonlinux    58 k
    custom-amazon-linux-build.amazon-ebs.amazon-linux:  libnfnetlink             x86_64   1.0.1-19.amzn2023.0.2    amazonlinux    30 k
    custom-amazon-linux-build.amazon-ebs.amazon-linux:  libnftnl                 x86_64   1.2.2-2.amzn2023.0.2     amazonlinux    84 k
    custom-amazon-linux-build.amazon-ebs.amazon-linux:  pigz                     x86_64   2.5-1.amzn2023.0.3       amazonlinux    83 k
    custom-amazon-linux-build.amazon-ebs.amazon-linux:  runc                     x86_64   1.2.4-1.amzn2023.0.1     amazonlinux   3.4 M
    custom-amazon-linux-build.amazon-ebs.amazon-linux:
    custom-amazon-linux-build.amazon-ebs.amazon-linux: Transaction Summary
    custom-amazon-linux-build.amazon-ebs.amazon-linux: ================================================================================
    custom-amazon-linux-build.amazon-ebs.amazon-linux: Install  10 Packages
    custom-amazon-linux-build.amazon-ebs.amazon-linux:
    custom-amazon-linux-build.amazon-ebs.amazon-linux: Total download size: 84 M
    custom-amazon-linux-build.amazon-ebs.amazon-linux: Installed size: 319 M
    custom-amazon-linux-build.amazon-ebs.amazon-linux: Downloading Packages:
    custom-amazon-linux-build.amazon-ebs.amazon-linux: (1/10): iptables-libs-1.8.8-3.amzn2023.0.2.x86_ 7.2 MB/s | 401 kB     00:00
    custom-amazon-linux-build.amazon-ebs.amazon-linux: (2/10): iptables-nft-1.8.8-3.amzn2023.0.2.x86_6 6.0 MB/s | 183 kB     00:00
    custom-amazon-linux-build.amazon-ebs.amazon-linux: (3/10): libcgroup-3.0-1.amzn2023.0.1.x86_64.rpm 2.3 MB/s |  75 kB     00:00
    custom-amazon-linux-build.amazon-ebs.amazon-linux: (4/10): libnetfilter_conntrack-1.0.8-2.amzn2023 1.2 MB/s |  58 kB     00:00
    custom-amazon-linux-build.amazon-ebs.amazon-linux: (5/10): libnfnetlink-1.0.1-19.amzn2023.0.2.x86_ 1.5 MB/s |  30 kB     00:00
    custom-amazon-linux-build.amazon-ebs.amazon-linux: (6/10): libnftnl-1.2.2-2.amzn2023.0.2.x86_64.rp 4.2 MB/s |  84 kB     00:00
    custom-amazon-linux-build.amazon-ebs.amazon-linux: (7/10): pigz-2.5-1.amzn2023.0.3.x86_64.rpm      3.1 MB/s |  83 kB     00:00
    custom-amazon-linux-build.amazon-ebs.amazon-linux: (8/10): runc-1.2.4-1.amzn2023.0.1.x86_64.rpm     29 MB/s | 3.4 MB     00:00
    custom-amazon-linux-build.amazon-ebs.amazon-linux: (9/10): containerd-1.7.25-1.amzn2023.0.1.x86_64  43 MB/s |  36 MB     00:00
    custom-amazon-linux-build.amazon-ebs.amazon-linux: (10/10): docker-25.0.8-1.amzn2023.0.1.x86_64.rp  39 MB/s |  44 MB     00:01
    custom-amazon-linux-build.amazon-ebs.amazon-linux: --------------------------------------------------------------------------------
    custom-amazon-linux-build.amazon-ebs.amazon-linux: Total                                            70 MB/s |  84 MB     00:01
    custom-amazon-linux-build.amazon-ebs.amazon-linux: Running transaction check
    custom-amazon-linux-build.amazon-ebs.amazon-linux: Transaction check succeeded.
    custom-amazon-linux-build.amazon-ebs.amazon-linux: Running transaction test
    custom-amazon-linux-build.amazon-ebs.amazon-linux: Transaction test succeeded.
    custom-amazon-linux-build.amazon-ebs.amazon-linux: Running transaction
    custom-amazon-linux-build.amazon-ebs.amazon-linux:   Preparing        :                                                        1/1
    custom-amazon-linux-build.amazon-ebs.amazon-linux:   Installing       : runc-1.2.4-1.amzn2023.0.1.x86_64                      1/10
    custom-amazon-linux-build.amazon-ebs.amazon-linux:   Installing       : containerd-1.7.25-1.amzn2023.0.1.x86_64               2/10
    custom-amazon-linux-build.amazon-ebs.amazon-linux:   Running scriptlet: containerd-1.7.25-1.amzn2023.0.1.x86_64               2/10
    custom-amazon-linux-build.amazon-ebs.amazon-linux:   Installing       : pigz-2.5-1.amzn2023.0.3.x86_64                        3/10
    custom-amazon-linux-build.amazon-ebs.amazon-linux:   Installing       : libnftnl-1.2.2-2.amzn2023.0.2.x86_64                  4/10
    custom-amazon-linux-build.amazon-ebs.amazon-linux:   Installing       : libnfnetlink-1.0.1-19.amzn2023.0.2.x86_64             5/10
    custom-amazon-linux-build.amazon-ebs.amazon-linux:   Installing       : libnetfilter_conntrack-1.0.8-2.amzn2023.0.2.x86_64    6/10
    custom-amazon-linux-build.amazon-ebs.amazon-linux:   Installing       : iptables-libs-1.8.8-3.amzn2023.0.2.x86_64             7/10
    custom-amazon-linux-build.amazon-ebs.amazon-linux:   Installing       : iptables-nft-1.8.8-3.amzn2023.0.2.x86_64              8/10
    custom-amazon-linux-build.amazon-ebs.amazon-linux:   Running scriptlet: iptables-nft-1.8.8-3.amzn2023.0.2.x86_64              8/10
    custom-amazon-linux-build.amazon-ebs.amazon-linux:   Installing       : libcgroup-3.0-1.amzn2023.0.1.x86_64                   9/10
    custom-amazon-linux-build.amazon-ebs.amazon-linux:   Running scriptlet: docker-25.0.8-1.amzn2023.0.1.x86_64                  10/10
    custom-amazon-linux-build.amazon-ebs.amazon-linux:   Installing       : docker-25.0.8-1.amzn2023.0.1.x86_64                  10/10
    custom-amazon-linux-build.amazon-ebs.amazon-linux:   Running scriptlet: docker-25.0.8-1.amzn2023.0.1.x86_64                  10/10
    custom-amazon-linux-build.amazon-ebs.amazon-linux: Created symlink /etc/systemd/system/sockets.target.wants/docker.socket → /usr/lib/systemd/system/docker.socket.
    custom-amazon-linux-build.amazon-ebs.amazon-linux:
    custom-amazon-linux-build.amazon-ebs.amazon-linux:   Verifying        : containerd-1.7.25-1.amzn2023.0.1.x86_64               1/10
    custom-amazon-linux-build.amazon-ebs.amazon-linux:   Verifying        : docker-25.0.8-1.amzn2023.0.1.x86_64                   2/10
    custom-amazon-linux-build.amazon-ebs.amazon-linux:   Verifying        : iptables-libs-1.8.8-3.amzn2023.0.2.x86_64             3/10
    custom-amazon-linux-build.amazon-ebs.amazon-linux:   Verifying        : iptables-nft-1.8.8-3.amzn2023.0.2.x86_64              4/10
    custom-amazon-linux-build.amazon-ebs.amazon-linux:   Verifying        : libcgroup-3.0-1.amzn2023.0.1.x86_64                   5/10
    custom-amazon-linux-build.amazon-ebs.amazon-linux:   Verifying        : libnetfilter_conntrack-1.0.8-2.amzn2023.0.2.x86_64    6/10
    custom-amazon-linux-build.amazon-ebs.amazon-linux:   Verifying        : libnfnetlink-1.0.1-19.amzn2023.0.2.x86_64             7/10
    custom-amazon-linux-build.amazon-ebs.amazon-linux:   Verifying        : libnftnl-1.2.2-2.amzn2023.0.2.x86_64                  8/10
    custom-amazon-linux-build.amazon-ebs.amazon-linux:   Verifying        : pigz-2.5-1.amzn2023.0.3.x86_64                        9/10
    custom-amazon-linux-build.amazon-ebs.amazon-linux:   Verifying        : runc-1.2.4-1.amzn2023.0.1.x86_64                     10/10
    custom-amazon-linux-build.amazon-ebs.amazon-linux:
    custom-amazon-linux-build.amazon-ebs.amazon-linux: Installed:
    custom-amazon-linux-build.amazon-ebs.amazon-linux:   containerd-1.7.25-1.amzn2023.0.1.x86_64
    custom-amazon-linux-build.amazon-ebs.amazon-linux:   docker-25.0.8-1.amzn2023.0.1.x86_64
    custom-amazon-linux-build.amazon-ebs.amazon-linux:   iptables-libs-1.8.8-3.amzn2023.0.2.x86_64
    custom-amazon-linux-build.amazon-ebs.amazon-linux:   iptables-nft-1.8.8-3.amzn2023.0.2.x86_64
    custom-amazon-linux-build.amazon-ebs.amazon-linux:   libcgroup-3.0-1.amzn2023.0.1.x86_64
    custom-amazon-linux-build.amazon-ebs.amazon-linux:   libnetfilter_conntrack-1.0.8-2.amzn2023.0.2.x86_64
    custom-amazon-linux-build.amazon-ebs.amazon-linux:   libnfnetlink-1.0.1-19.amzn2023.0.2.x86_64
    custom-amazon-linux-build.amazon-ebs.amazon-linux:   libnftnl-1.2.2-2.amzn2023.0.2.x86_64
    custom-amazon-linux-build.amazon-ebs.amazon-linux:   pigz-2.5-1.amzn2023.0.3.x86_64
    custom-amazon-linux-build.amazon-ebs.amazon-linux:   runc-1.2.4-1.amzn2023.0.1.x86_64
    custom-amazon-linux-build.amazon-ebs.amazon-linux:
    custom-amazon-linux-build.amazon-ebs.amazon-linux: Complete!
==> custom-amazon-linux-build.amazon-ebs.amazon-linux: Created symlink /etc/systemd/system/multi-user.target.wants/docker.service → /usr/lib/systemd/system/docker.service.
==> custom-amazon-linux-build.amazon-ebs.amazon-linux: Uploading C:\Users\benni\Downloads\labsuser.pem => /home/ec2-user/.ssh/authorized_keys
==> custom-amazon-linux-build.amazon-ebs.amazon-linux: Provisioning with shell script: C:\Users\benni\AppData\Local\Temp\packer-shell3684079348
==> custom-amazon-linux-build.amazon-ebs.amazon-linux: Stopping the source instance...
    custom-amazon-linux-build.amazon-ebs.amazon-linux: Stopping instance
==> custom-amazon-linux-build.amazon-ebs.amazon-linux: Waiting for the instance to stop...
==> custom-amazon-linux-build.amazon-ebs.amazon-linux: Creating AMI custom-amazon-linux-ami from instance i-09e1283dcf2385480
    custom-amazon-linux-build.amazon-ebs.amazon-linux: AMI: ami-03f107cfd879fbc93
==> custom-amazon-linux-build.amazon-ebs.amazon-linux: Waiting for AMI to become ready...
==> custom-amazon-linux-build.amazon-ebs.amazon-linux: Skipping Enable AMI deprecation...
==> custom-amazon-linux-build.amazon-ebs.amazon-linux: Skipping Enable AMI deregistration protection...
==> custom-amazon-linux-build.amazon-ebs.amazon-linux: Terminating the source AWS instance...
==> custom-amazon-linux-build.amazon-ebs.amazon-linux: Cleaning up any extra volumes...
==> custom-amazon-linux-build.amazon-ebs.amazon-linux: No volumes to clean up, skipping
==> custom-amazon-linux-build.amazon-ebs.amazon-linux: Deleting temporary security group...
==> custom-amazon-linux-build.amazon-ebs.amazon-linux: Deleting temporary keypair...
Build 'custom-amazon-linux-build.amazon-ebs.amazon-linux' finished after 3 minutes 33 seconds.

==> Wait completed after 3 minutes 33 seconds

==> Builds finished. The artifacts of successful builds are:
--> custom-amazon-linux-build.amazon-ebs.amazon-linux: AMIs were created:
us-east-1: ami-03f107cfd879fbc93
