
Do you want to perform these actions?
  Terraform will perform the actions described above.
  Only 'yes' will be accepted to approve.

  Enter a value:
aws_instance.private_instances[2]: Creating...
aws_instance.private_instances[4]: Creating...
aws_instance.private_instances[0]: Creating...
aws_instance.private_instances[5]: Creating...
aws_instance.private_instances[3]: Creating...
aws_instance.private_instances[1]: Creating...
aws_instance.bastion: Creating...
aws_instance.private_instances[4]: Still creating... [10s elapsed]
aws_instance.private_instances[1]: Still creating... [10s elapsed]
aws_instance.private_instances[2]: Still creating... [10s elapsed]
aws_instance.private_instances[5]: Still creating... [10s elapsed]
aws_instance.private_instances[0]: Still creating... [10s elapsed]
aws_instance.private_instances[3]: Still creating... [10s elapsed]
aws_instance.private_instances[1]: Creation complete after 13s [id=i-00edde610c91586af]
aws_instance.private_instances[0]: Creation complete after 13s [id=i-0052e916431267925]
aws_instance.private_instances[2]: Creation complete after 13s [id=i-075167536c506fd36]
aws_instance.private_instances[4]: Creation complete after 13s [id=i-0b23f6d3092d7d24f]
aws_instance.private_instances[5]: Creation complete after 13s [id=i-028fa84e252380496]
aws_instance.private_instances[3]: Creation complete after 13s [id=i-023db79af6225d3cc]
aws_instance.bastion: Still creating... [10s elapsed]
aws_instance.bastion: Creation complete after 13s [id=i-020fb46eb0e88a004]

Apply complete! Resources: 7 added, 0 changed, 0 destroyed.
PS C:\Users\benni\workspace\6-Semester\DevOps\assignment8\usf_devops_assignment_packer-terraform\terraform>
